<?xml version="1.0" encoding="UTF-8"?>
<!-- Generated by org.testng.reporters.JUnitReportReporter -->
<testsuite hostname="LAPTOP" failures="0" tests="6" name="test.GoldLoan" time="0.029" errors="0" timestamp="2022-09-05T12:31:56 IST" skipped="0">
  <testcase classname="test.GoldLoan" name="ChildOrnamentLoan" time="0.002"/>
  <system-out/>
  <testcase classname="test.GoldLoan" name="GoldLogin" time="0.004"/>
  <system-out/>
  <testcase classname="test.GoldLoan" name="GoldLogin" time="0.011"/>
  <system-out/>
  <testcase classname="test.GoldLoan" name="GoldLogin" time="0.002"/>
  <system-out/>
  <testcase classname="test.GoldLoan" name="WomenOrnamentLoan" time="0.007"/>
  <system-out/>
  <testcase classname="test.GoldLoan" name="ManOrnamentLoan" time="0.003"/>
  <system-out/>
</testsuite> <!-- test.GoldLoan -->
